生成启动时间为 2016/4/10 22:34:19。
     1>项目“F:\Code Craft\Dij_DFS\Dij_DFS\Dij_DFS.vcxproj”在节点 2 上(Build 个目标)。
     1>ClCompile:
         E:\Microsoft Visual Studio 14.0\VC\bin\CL.exe /c /ZI /nologo /W3 /WX- /Od /Oy- /D WIN32 /D _DEBUG /D _CONSOLE /D _UNICODE /D UNICODE /Gm /EHsc /RTC1 /MDd /GS /fp:precise /Zc:wchar_t /Zc:forScope /Zc:inline /Fo"Debug\\" /Fd"Debug\vc140.pdb" /Gd /TP /analyze- /errorReport:prompt Dij_DFS.cpp
         Dij_DFS.cpp
     1>f:\code craft\dij_dfs\dij_dfs\dij_dfs.cpp(36): warning C4996: 'strtok': This function or variable may be unsafe. Consider using strtok_s instead. To disable deprecation, use _CRT_SECURE_NO_WARNINGS. See online help for details.
         c:\program files (x86)\windows kits\10\include\10.0.10150.0\ucrt\string.h(453): note: 参见“strtok”的声明
     1>f:\code craft\dij_dfs\dij_dfs\dij_dfs.cpp(51): warning C4996: 'strtok': This function or variable may be unsafe. Consider using strtok_s instead. To disable deprecation, use _CRT_SECURE_NO_WARNINGS. See online help for details.
         c:\program files (x86)\windows kits\10\include\10.0.10150.0\ucrt\string.h(453): note: 参见“strtok”的声明
     1>f:\code craft\dij_dfs\dij_dfs\dij_dfs.cpp(60): warning C4996: 'strtok': This function or variable may be unsafe. Consider using strtok_s instead. To disable deprecation, use _CRT_SECURE_NO_WARNINGS. See online help for details.
         c:\program files (x86)\windows kits\10\include\10.0.10150.0\ucrt\string.h(453): note: 参见“strtok”的声明
     1>f:\code craft\dij_dfs\dij_dfs\dij_dfs.cpp(83): warning C4996: 'sscanf': This function or variable may be unsafe. Consider using sscanf_s instead. To disable deprecation, use _CRT_SECURE_NO_WARNINGS. See online help for details.
         c:\program files (x86)\windows kits\10\include\10.0.10150.0\ucrt\stdio.h(2254): note: 参见“sscanf”的声明
     1>f:\code craft\dij_dfs\dij_dfs\dij_dfs.cpp(107): warning C4996: 'fopen': This function or variable may be unsafe. Consider using fopen_s instead. To disable deprecation, use _CRT_SECURE_NO_WARNINGS. See online help for details.
         c:\program files (x86)\windows kits\10\include\10.0.10150.0\ucrt\stdio.h(205): note: 参见“fopen”的声明
     1>f:\code craft\dij_dfs\dij_dfs\dij_dfs.cpp(123): warning C4996: 'strncpy': This function or variable may be unsafe. Consider using strncpy_s instead. To disable deprecation, use _CRT_SECURE_NO_WARNINGS. See online help for details.
         c:\program files (x86)\windows kits\10\include\10.0.10150.0\ucrt\string.h(346): note: 参见“strncpy”的声明
     1>f:\code craft\dij_dfs\dij_dfs\dij_dfs.cpp(319): warning C4101: “visited”: 未引用的局部变量
     1>f:\code craft\dij_dfs\dij_dfs\dij_dfs.cpp(357): warning C4101: “i”: 未引用的局部变量
       Link:
         E:\Microsoft Visual Studio 14.0\VC\bin\link.exe /ERRORREPORT:PROMPT /OUT:"F:\Code Craft\Dij_DFS\Debug\Dij_DFS.exe" /INCREMENTAL /NOLOGO kernel32.lib user32.lib gdi32.lib winspool.lib comdlg32.lib advapi32.lib shell32.lib ole32.lib oleaut32.lib uuid.lib odbc32.lib odbccp32.lib /MANIFEST /MANIFESTUAC:"level='asInvoker' uiAccess='false'" /manifest:embed /Debug /PDB:"F:\Code Craft\Dij_DFS\Debug\Dij_DFS.pdb" /SUBSYSTEM:CONSOLE /STACK:"10485760" /TLBID:1 /DYNAMICBASE /NXCOMPAT /IMPLIB:"F:\Code Craft\Dij_DFS\Debug\Dij_DFS.lib" /MACHINE:X86 Debug\Dij_DFS.obj
         Dij_DFS.vcxproj -> F:\Code Craft\Dij_DFS\Debug\Dij_DFS.exe
     1>已完成生成项目“F:\Code Craft\Dij_DFS\Dij_DFS\Dij_DFS.vcxproj”(Build 个目标)的操作。

已成功生成。

已用时间 00:00:00.62
